2020-04-01 12:32:11.431 [restartedMain] INFO  com.online.edu.AliyunOssApplication - Starting AliyunOssApplication on MYCOMPUTER with PID 27072 (G:\OlineEdu\online-microservice-oss\target\classes started by harry.cai in G:\OlineEdu)
2020-04-01 12:32:11.443 [restartedMain] INFO  com.online.edu.AliyunOssApplication - The following profiles are active: dev
2020-04-01 12:32:11.532 [restartedMain] INFO  o.s.boot.devtools.restart.ChangeableUrls - The Class-Path manifest attribute in C:\Users\harry.cai\.m2\repository\com\sun\xml\bind\jaxb-impl\2.3.0\jaxb-impl-2.3.0.jar referenced one or more files that do not exist: file:/C:/Users/harry.cai/.m2/repository/com/sun/xml/bind/jaxb-impl/2.3.0/jaxb-core.jar
2020-04-01 12:32:11.533 [restartedMain] INFO  o.s.boot.devtools.restart.ChangeableUrls - The Class-Path manifest attribute in C:\Users\harry.cai\.m2\repository\com\sun\xml\bind\jaxb-core\2.3.0\jaxb-core-2.3.0.jar referenced one or more files that do not exist: file:/C:/Users/harry.cai/.m2/repository/com/sun/xml/bind/jaxb-core/2.3.0/jaxb-api.jar
2020-04-01 12:32:11.538 [restartedMain] INFO  o.s.b.d.env.DevToolsPropertyDefaultsPostProcessor - Devtools property defaults active! Set 'spring.devtools.add-properties' to 'false' to disable
2020-04-01 12:32:11.539 [restartedMain] INFO  o.s.b.d.env.DevToolsPropertyDefaultsPostProcessor - For additional web related logging consider setting the 'logging.level.web' property to 'DEBUG'
2020-04-01 12:32:12.447 [restartedMain] INFO  o.s.d.r.config.RepositoryConfigurationDelegate - Multiple Spring Data modules found, entering strict repository configuration mode!
2020-04-01 12:32:12.449 [restartedMain] INFO  o.s.d.r.config.RepositoryConfigurationDelegate - Bootstrapping Spring Data Redis repositories in DEFAULT mode.
2020-04-01 12:32:12.491 [restartedMain] INFO  o.s.d.r.config.RepositoryConfigurationDelegate - Finished Spring Data repository scanning in 18ms. Found 0 Redis repository interfaces.
2020-04-01 12:32:12.783 [restartedMain] INFO  o.s.c.s.PostProcessorRegistrationDelegate$BeanPostProcessorChecker - Bean 'redisConfig' of type [com.online.edu.common.handler.RedisConfig$$EnhancerBySpringCGLIB$$ce46acf8] is not eligible for getting processed by all BeanPostProcessors (for example: not eligible for auto-proxying)
2020-04-01 12:32:13.176 [restartedMain] INFO  o.s.boot.web.embedded.tomcat.TomcatWebServer - Tomcat initialized with port(s): 8130 (http)
2020-04-01 12:32:13.189 [restartedMain] INFO  org.apache.coyote.http11.Http11NioProtocol - Initializing ProtocolHandler ["http-nio-8130"]
2020-04-01 12:32:13.190 [restartedMain] INFO  org.apache.catalina.core.StandardService - Starting service [Tomcat]
2020-04-01 12:32:13.191 [restartedMain] INFO  org.apache.catalina.core.StandardEngine - Starting Servlet engine: [Apache Tomcat/9.0.30]
2020-04-01 12:32:13.438 [restartedMain] INFO  o.a.c.core.ContainerBase.[Tomcat].[localhost].[/] - Initializing Spring embedded WebApplicationContext
2020-04-01 12:32:13.439 [restartedMain] INFO  org.springframework.web.context.ContextLoader - Root WebApplicationContext: initialization completed in 1899 ms
2020-04-01 12:32:13.940 [restartedMain] INFO  o.s.scheduling.concurrent.ThreadPoolTaskExecutor - Initializing ExecutorService 'applicationTaskExecutor'
2020-04-01 12:32:14.303 [restartedMain] INFO  org.apache.coyote.http11.Http11NioProtocol - Starting ProtocolHandler ["http-nio-8130"]
2020-04-01 12:32:14.357 [restartedMain] INFO  o.s.boot.web.embedded.tomcat.TomcatWebServer - Tomcat started on port(s): 8130 (http) with context path ''
2020-04-01 12:32:14.362 [restartedMain] INFO  com.online.edu.AliyunOssApplication - Started AliyunOssApplication in 4.0 seconds (JVM running for 6.137)
