2020-03-29 11:23:37.665 [restartedMain] WARN  org.mybatis.spring.mapper.ClassPathMapperScanner - No MyBatis mapper was found in '[com.online.edu.cms]' package. Please check your configuration.
2020-03-29 11:23:38.639 [restartedMain] WARN  o.s.b.w.s.c.AnnotationConfigServletWebServerApplicationContext - Exception encountered during context initialization - cancelling refresh attempt: org.springframework.beans.factory.UnsatisfiedDependencyException: Error creating bean with name 'bannerApiController': Unsatisfied dependency expressed through field 'bannerService'; nested exception is org.springframework.beans.factory.UnsatisfiedDependencyException: Error creating bean with name 'crmBannerServiceImpl': Unsatisfied dependency expressed through field 'baseMapper'; nested exception is org.springframework.beans.factory.NoSuchBeanDefinitionException: No qualifying bean of type 'com.online.edu.cms.mapper.CrmBannerMapper' available: expected at least 1 bean which qualifies as autowire candidate. Dependency annotations: {@org.springframework.beans.factory.annotation.Autowired(required=true)}
2020-03-29 11:28:48.239 [restartedMain] WARN  o.s.b.w.s.c.AnnotationConfigServletWebServerApplicationContext - Exception encountered during context initialization - cancelling refresh attempt: org.springframework.beans.factory.UnsatisfiedDependencyException: Error creating bean with name 'bannerApiController': Unsatisfied dependency expressed through field 'bannerService'; nested exception is org.springframework.beans.factory.NoUniqueBeanDefinitionException: No qualifying bean of type 'com.online.edu.cms.service.CrmBannerService' available: expected single matching bean but found 2: crmBannerServiceImpl,crmBannerService
2020-03-29 11:29:55.908 [restartedMain] WARN  o.s.b.w.s.c.AnnotationConfigServletWebServerApplicationContext - Exception encountered during context initialization - cancelling refresh attempt: org.springframework.beans.factory.UnsatisfiedDependencyException: Error creating bean with name 'bannerApiController': Unsatisfied dependency expressed through field 'bannerService'; nested exception is org.springframework.beans.factory.NoUniqueBeanDefinitionException: No qualifying bean of type 'com.online.edu.cms.service.CrmBannerService' available: expected single matching bean but found 2: crmBannerServiceImpl,crmBannerService
2020-03-29 11:34:28.492 [restartedMain] WARN  o.s.b.w.s.c.AnnotationConfigServletWebServerApplicationContext - Exception encountered during context initialization - cancelling refresh attempt: org.springframework.beans.factory.UnsatisfiedDependencyException: Error creating bean with name 'bannerApiController': Unsatisfied dependency expressed through field 'bannerService'; nested exception is org.springframework.beans.factory.NoUniqueBeanDefinitionException: No qualifying bean of type 'com.online.edu.cms.service.CrmBannerService' available: expected single matching bean but found 2: crmBannerServiceImpl,crmBannerService
2020-03-29 11:34:48.967 [restartedMain] WARN  o.s.b.w.s.c.AnnotationConfigServletWebServerApplicationContext - Exception encountered during context initialization - cancelling refresh attempt: org.springframework.beans.factory.UnsatisfiedDependencyException: Error creating bean with name 'bannerApiController': Unsatisfied dependency expressed through field 'bannerService'; nested exception is org.springframework.beans.factory.NoUniqueBeanDefinitionException: No qualifying bean of type 'com.online.edu.cms.service.CrmBannerService' available: expected single matching bean but found 2: crmBannerServiceImpl,crmBannerService
2020-03-29 11:35:16.502 [restartedMain] WARN  o.s.b.w.s.c.AnnotationConfigServletWebServerApplicationContext - Exception encountered during context initialization - cancelling refresh attempt: org.springframework.beans.factory.UnsatisfiedDependencyException: Error creating bean with name 'bannerApiController': Unsatisfied dependency expressed through field 'bannerService'; nested exception is org.springframework.beans.factory.NoUniqueBeanDefinitionException: No qualifying bean of type 'com.online.edu.cms.service.CrmBannerService' available: expected single matching bean but found 2: crmBannerServiceImpl,crmBannerService
2020-03-29 11:36:57.754 [restartedMain] WARN  o.s.b.w.s.c.AnnotationConfigServletWebServerApplicationContext - Exception encountered during context initialization - cancelling refresh attempt: org.springframework.beans.factory.UnsatisfiedDependencyException: Error creating bean with name 'bannerApiController': Unsatisfied dependency expressed through field 'bannerService'; nested exception is org.springframework.beans.factory.NoUniqueBeanDefinitionException: No qualifying bean of type 'com.online.edu.cms.service.CrmBannerService' available: expected single matching bean but found 2: crmBannerServiceImpl,crmBannerService
2020-03-29 11:41:33.058 [restartedMain] WARN  o.s.b.w.s.c.AnnotationConfigServletWebServerApplicationContext - Exception encountered during context initialization - cancelling refresh attempt: org.springframework.beans.factory.UnsatisfiedDependencyException: Error creating bean with name 'bannerApiController': Unsatisfied dependency expressed through field 'bannerService'; nested exception is org.springframework.beans.factory.NoUniqueBeanDefinitionException: No qualifying bean of type 'com.online.edu.cms.service.CrmBannerService' available: expected single matching bean but found 2: crmBannerServiceImpl,crmBannerService
2020-03-29 11:46:19.788 [restartedMain] WARN  o.s.b.w.s.c.AnnotationConfigServletWebServerApplicationContext - Exception encountered during context initialization - cancelling refresh attempt: org.springframework.beans.factory.UnsatisfiedDependencyException: Error creating bean with name 'bannerApiController': Unsatisfied dependency expressed through field 'bannerService'; nested exception is org.springframework.beans.factory.NoUniqueBeanDefinitionException: No qualifying bean of type 'com.online.edu.cms.service.CrmBannerService' available: expected single matching bean but found 2: crmBannerServiceImpl,crmBannerService
2020-03-29 12:09:39.707 [restartedMain] WARN  o.s.b.w.s.c.AnnotationConfigServletWebServerApplicationContext - Exception encountered during context initialization - cancelling refresh attempt: org.springframework.beans.factory.UnsatisfiedDependencyException: Error creating bean with name 'crmBannerController': Unsatisfied dependency expressed through field 'bannerService'; nested exception is org.springframework.beans.factory.NoUniqueBeanDefinitionException: No qualifying bean of type 'com.online.edu.cms.service.CrmBannerService' available: expected single matching bean but found 2: crmBannerServiceImpl,crmBannerService
2020-03-29 12:19:33.739 [restartedMain] WARN  o.s.b.w.s.c.AnnotationConfigServletWebServerApplicationContext - Exception encountered during context initialization - cancelling refresh attempt: org.springframework.beans.factory.UnsatisfiedDependencyException: Error creating bean with name 'bannerApiController': Unsatisfied dependency expressed through field 'bannerService'; nested exception is org.springframework.beans.factory.NoUniqueBeanDefinitionException: No qualifying bean of type 'com.online.edu.cms.service.CrmBannerService' available: expected single matching bean but found 2: crmBannerServiceImpl,crmBannerService
2020-03-29 12:24:02.015 [restartedMain] WARN  o.s.b.d.autoconfigure.OptionalLiveReloadServer - Unable to start LiveReload server
2020-03-29 12:25:55.063 [restartedMain] WARN  o.s.b.d.autoconfigure.OptionalLiveReloadServer - Unable to start LiveReload server
2020-03-29 12:26:34.604 [restartedMain] WARN  o.s.b.d.autoconfigure.OptionalLiveReloadServer - Unable to start LiveReload server
2020-03-29 12:36:11.167 [restartedMain] WARN  o.s.b.d.autoconfigure.OptionalLiveReloadServer - Unable to start LiveReload server
2020-03-29 12:38:29.395 [restartedMain] WARN  o.s.b.d.autoconfigure.OptionalLiveReloadServer - Unable to start LiveReload server
2020-03-29 12:39:01.610 [restartedMain] WARN  o.s.b.d.autoconfigure.OptionalLiveReloadServer - Unable to start LiveReload server
2020-03-29 12:51:48.538 [restartedMain] WARN  o.s.b.d.autoconfigure.OptionalLiveReloadServer - Unable to start LiveReload server
2020-03-29 12:54:59.588 [restartedMain] WARN  org.mybatis.spring.mapper.ClassPathMapperScanner - No MyBatis mapper was found in '[com.online.edu.cms]' package. Please check your configuration.
2020-03-29 12:55:00.239 [restartedMain] WARN  o.s.b.d.autoconfigure.OptionalLiveReloadServer - Unable to start LiveReload server
2020-03-29 12:55:08.504 [restartedMain] WARN  org.mybatis.spring.mapper.ClassPathMapperScanner - No MyBatis mapper was found in '[com.online.edu.cms]' package. Please check your configuration.
2020-03-29 12:55:09.330 [restartedMain] WARN  o.s.b.d.autoconfigure.OptionalLiveReloadServer - Unable to start LiveReload server
2020-03-29 12:55:30.124 [restartedMain] WARN  o.s.b.d.autoconfigure.OptionalLiveReloadServer - Unable to start LiveReload server
2020-03-29 12:55:52.704 [restartedMain] WARN  o.s.b.d.autoconfigure.OptionalLiveReloadServer - Unable to start LiveReload server
2020-03-29 12:56:52.644 [restartedMain] WARN  org.mybatis.spring.mapper.ClassPathMapperScanner - No MyBatis mapper was found in '[com.online.edu.cms]' package. Please check your configuration.
2020-03-29 12:56:53.243 [restartedMain] WARN  o.s.b.d.autoconfigure.OptionalLiveReloadServer - Unable to start LiveReload server
2020-03-29 12:56:58.098 [restartedMain] WARN  o.s.b.d.autoconfigure.OptionalLiveReloadServer - Unable to start LiveReload server
2020-03-29 12:57:32.735 [restartedMain] WARN  o.s.b.d.autoconfigure.OptionalLiveReloadServer - Unable to start LiveReload server
2020-03-29 12:58:24.304 [restartedMain] WARN  o.s.b.d.autoconfigure.OptionalLiveReloadServer - Unable to start LiveReload server
2020-03-29 12:59:33.802 [restartedMain] WARN  o.s.b.d.autoconfigure.OptionalLiveReloadServer - Unable to start LiveReload server
2020-03-29 13:01:24.409 [restartedMain] WARN  o.s.b.w.s.c.AnnotationConfigServletWebServerApplicationContext - Exception encountered during context initialization - cancelling refresh attempt: org.springframework.beans.factory.BeanDefinitionStoreException: Failed to parse configuration class [com.online.edu.cms.CmsServiceApplication]; nested exception is java.io.FileNotFoundException: class path resource [com/online/edu/cms/service/CrmBannerService.class] cannot be opened because it does not exist
2020-03-29 13:01:28.697 [restartedMain] WARN  o.s.b.d.autoconfigure.OptionalLiveReloadServer - Unable to start LiveReload server
2020-03-29 13:01:32.923 [restartedMain] WARN  o.s.b.d.autoconfigure.OptionalLiveReloadServer - Unable to start LiveReload server
2020-03-29 13:01:55.138 [restartedMain] WARN  o.s.b.d.autoconfigure.OptionalLiveReloadServer - Unable to start LiveReload server
2020-03-29 13:02:13.550 [http-nio-8004-exec-2] WARN  o.s.w.s.m.m.a.ExceptionHandlerExceptionResolver - Resolved [org.apache.ibatis.binding.BindingException: Invalid bound statement (not found): com.online.edu.cms.service.CrmBannerService.selectIndex]
2020-03-29 13:02:14.626 [http-nio-8004-exec-3] WARN  o.s.w.s.m.m.a.ExceptionHandlerExceptionResolver - Resolved [org.apache.ibatis.binding.BindingException: Invalid bound statement (not found): com.online.edu.cms.service.CrmBannerService.selectIndex]
2020-03-29 14:27:34.220 [restartedMain] WARN  o.s.b.d.autoconfigure.OptionalLiveReloadServer - Unable to start LiveReload server
2020-03-29 14:27:42.071 [http-nio-8004-exec-1] WARN  o.s.w.s.m.m.a.ExceptionHandlerExceptionResolver - Resolved [org.apache.ibatis.binding.BindingException: Invalid bound statement (not found): com.online.edu.cms.service.CrmBannerService.selectIndex]
2020-03-29 14:28:47.397 [restartedMain] WARN  o.s.b.w.s.c.AnnotationConfigServletWebServerApplicationContext - Exception encountered during context initialization - cancelling refresh attempt: org.springframework.beans.factory.UnsatisfiedDependencyException: Error creating bean with name 'bannerApiController': Unsatisfied dependency expressed through field 'crmBannerService'; nested exception is org.springframework.beans.factory.NoUniqueBeanDefinitionException: No qualifying bean of type 'com.online.edu.cms.service.BannerService' available: expected single matching bean but found 2: crmBannerServiceImpl,bannerService
2020-03-29 14:30:15.018 [restartedMain] WARN  o.s.b.d.autoconfigure.OptionalLiveReloadServer - Unable to start LiveReload server
2020-03-29 14:30:19.741 [http-nio-8004-exec-2] WARN  o.s.w.s.m.m.a.ExceptionHandlerExceptionResolver - Resolved [org.apache.ibatis.binding.BindingException: Invalid bound statement (not found): com.online.edu.cms.service.BannerService.selectIndex]
2020-03-29 14:30:20.918 [http-nio-8004-exec-3] WARN  o.s.w.s.m.m.a.ExceptionHandlerExceptionResolver - Resolved [org.apache.ibatis.binding.BindingException: Invalid bound statement (not found): com.online.edu.cms.service.BannerService.selectIndex]
2020-03-29 14:31:33.554 [restartedMain] WARN  o.s.b.d.autoconfigure.OptionalLiveReloadServer - Unable to start LiveReload server
2020-03-29 14:31:37.576 [http-nio-8004-exec-1] WARN  o.s.w.s.m.m.a.ExceptionHandlerExceptionResolver - Resolved [org.apache.ibatis.binding.BindingException: Invalid bound statement (not found): com.online.edu.cms.service.BannerService.getIndexBanner]
2020-03-29 14:31:38.621 [http-nio-8004-exec-3] WARN  o.s.w.s.m.m.a.ExceptionHandlerExceptionResolver - Resolved [org.apache.ibatis.binding.BindingException: Invalid bound statement (not found): com.online.edu.cms.service.BannerService.getIndexBanner]
2020-03-29 14:34:07.407 [restartedMain] WARN  o.s.b.d.autoconfigure.OptionalLiveReloadServer - Unable to start LiveReload server
2020-03-29 14:34:13.257 [http-nio-8004-exec-1] WARN  o.s.w.s.m.m.a.ExceptionHandlerExceptionResolver - Resolved [org.apache.ibatis.binding.BindingException: Invalid bound statement (not found): com.online.edu.cms.service.BannerService.list]
2020-03-29 14:34:14.313 [http-nio-8004-exec-3] WARN  o.s.w.s.m.m.a.ExceptionHandlerExceptionResolver - Resolved [org.apache.ibatis.binding.BindingException: Invalid bound statement (not found): com.online.edu.cms.service.BannerService.list]
2020-03-29 14:35:03.854 [restartedMain] WARN  o.s.b.d.autoconfigure.OptionalLiveReloadServer - Unable to start LiveReload server
2020-03-29 14:35:08.660 [http-nio-8004-exec-1] WARN  o.s.w.s.m.m.a.ExceptionHandlerExceptionResolver - Resolved [org.apache.ibatis.binding.BindingException: Invalid bound statement (not found): com.online.edu.cms.service.BannerService.list]
2020-03-29 14:35:09.532 [http-nio-8004-exec-3] WARN  o.s.w.s.m.m.a.ExceptionHandlerExceptionResolver - Resolved [org.apache.ibatis.binding.BindingException: Invalid bound statement (not found): com.online.edu.cms.service.BannerService.list]
2020-03-29 14:40:22.175 [http-nio-8004-exec-2] WARN  o.s.w.s.m.m.a.ExceptionHandlerExceptionResolver - Resolved [org.apache.ibatis.binding.BindingException: Invalid bound statement (not found): com.online.edu.cms.service.BannerService.list]
2020-03-29 14:40:23.473 [http-nio-8004-exec-3] WARN  o.s.w.s.m.m.a.ExceptionHandlerExceptionResolver - Resolved [org.apache.ibatis.binding.BindingException: Invalid bound statement (not found): com.online.edu.cms.service.BannerService.list]
2020-03-29 14:42:01.288 [http-nio-8004-exec-1] WARN  o.s.w.s.m.m.a.ExceptionHandlerExceptionResolver - Resolved [org.apache.ibatis.binding.BindingException: Invalid bound statement (not found): com.online.edu.cms.service.BannerService.getById]
2020-03-29 14:42:02.242 [http-nio-8004-exec-3] WARN  o.s.w.s.m.m.a.ExceptionHandlerExceptionResolver - Resolved [org.apache.ibatis.binding.BindingException: Invalid bound statement (not found): com.online.edu.cms.service.BannerService.getById]
2020-03-29 14:47:25.075 [http-nio-8004-exec-2] WARN  o.s.w.s.m.m.a.ExceptionHandlerExceptionResolver - Resolved [org.apache.ibatis.binding.BindingException: Invalid bound statement (not found): com.online.edu.cms.service.BannerService.list]
2020-03-29 14:47:26.404 [http-nio-8004-exec-3] WARN  o.s.w.s.m.m.a.ExceptionHandlerExceptionResolver - Resolved [org.apache.ibatis.binding.BindingException: Invalid bound statement (not found): com.online.edu.cms.service.BannerService.list]
2020-03-29 14:48:57.971 [http-nio-8004-exec-6] WARN  o.s.w.s.m.m.a.ExceptionHandlerExceptionResolver - Resolved [org.apache.ibatis.binding.BindingException: Invalid bound statement (not found): com.online.edu.cms.service.BannerService.list]
2020-03-29 14:49:16.355 [http-nio-8004-exec-7] WARN  o.s.w.s.m.m.a.ExceptionHandlerExceptionResolver - Resolved [org.apache.ibatis.binding.BindingException: Invalid bound statement (not found): com.online.edu.cms.service.BannerService.list]
2020-03-29 14:54:29.411 [http-nio-8004-exec-1] WARN  o.s.w.s.m.m.a.ExceptionHandlerExceptionResolver - Resolved [org.apache.ibatis.binding.BindingException: Invalid bound statement (not found): com.online.edu.cms.service.BannerService.list]
2020-03-29 15:00:47.629 [http-nio-8004-exec-2] WARN  o.s.w.s.m.m.a.ExceptionHandlerExceptionResolver - Resolved [org.apache.ibatis.binding.BindingException: Invalid bound statement (not found): com.online.edu.cms.service.BannerService.list]
2020-03-29 15:01:04.721 [http-nio-8004-exec-3] WARN  o.s.w.s.m.m.a.ExceptionHandlerExceptionResolver - Resolved [org.apache.ibatis.binding.BindingException: Invalid bound statement (not found): com.online.edu.cms.service.BannerService.list]
2020-03-29 15:01:05.970 [http-nio-8004-exec-4] WARN  o.s.w.s.m.m.a.ExceptionHandlerExceptionResolver - Resolved [org.apache.ibatis.binding.BindingException: Invalid bound statement (not found): com.online.edu.cms.service.BannerService.list]
2020-03-29 15:02:05.837 [http-nio-8004-exec-5] WARN  o.s.w.s.m.m.a.ExceptionHandlerExceptionResolver - Resolved [org.apache.ibatis.binding.BindingException: Invalid bound statement (not found): com.online.edu.cms.service.BannerService.list]
2020-03-29 15:02:07.243 [http-nio-8004-exec-6] WARN  o.s.w.s.m.m.a.ExceptionHandlerExceptionResolver - Resolved [org.apache.ibatis.binding.BindingException: Invalid bound statement (not found): com.online.edu.cms.service.BannerService.list]
2020-03-29 15:04:02.045 [http-nio-8004-exec-7] WARN  o.s.w.s.m.m.a.ExceptionHandlerExceptionResolver - Resolved [org.apache.ibatis.binding.BindingException: Invalid bound statement (not found): com.online.edu.cms.service.BannerService.list]
2020-03-29 15:04:03.344 [http-nio-8004-exec-8] WARN  o.s.w.s.m.m.a.ExceptionHandlerExceptionResolver - Resolved [org.apache.ibatis.binding.BindingException: Invalid bound statement (not found): com.online.edu.cms.service.BannerService.list]
2020-03-29 15:05:27.095 [http-nio-8004-exec-9] WARN  o.s.w.s.m.m.a.ExceptionHandlerExceptionResolver - Resolved [org.apache.ibatis.binding.BindingException: Invalid bound statement (not found): com.online.edu.cms.service.BannerService.list]
2020-03-29 15:05:28.637 [http-nio-8004-exec-10] WARN  o.s.w.s.m.m.a.ExceptionHandlerExceptionResolver - Resolved [org.apache.ibatis.binding.BindingException: Invalid bound statement (not found): com.online.edu.cms.service.BannerService.list]
2020-03-29 15:05:46.425 [http-nio-8004-exec-1] WARN  o.s.w.s.m.m.a.ExceptionHandlerExceptionResolver - Resolved [org.apache.ibatis.binding.BindingException: Invalid bound statement (not found): com.online.edu.cms.service.BannerService.list]
2020-03-29 15:07:57.829 [http-nio-8004-exec-4] WARN  o.s.w.s.m.m.a.ExceptionHandlerExceptionResolver - Resolved [org.apache.ibatis.binding.BindingException: Invalid bound statement (not found): com.online.edu.cms.service.BannerService.list]
2020-03-29 15:07:59.301 [http-nio-8004-exec-5] WARN  o.s.w.s.m.m.a.ExceptionHandlerExceptionResolver - Resolved [org.apache.ibatis.binding.BindingException: Invalid bound statement (not found): com.online.edu.cms.service.BannerService.list]
2020-03-29 15:14:24.588 [http-nio-8004-exec-1] WARN  o.s.w.s.m.m.a.ExceptionHandlerExceptionResolver - Resolved [org.apache.ibatis.binding.BindingException: Invalid bound statement (not found): com.online.edu.cms.service.CmsBannerService.getIndexBanner]
2020-03-29 15:14:25.640 [http-nio-8004-exec-2] WARN  o.s.w.s.m.m.a.ExceptionHandlerExceptionResolver - Resolved [org.apache.ibatis.binding.BindingException: Invalid bound statement (not found): com.online.edu.cms.service.CmsBannerService.getIndexBanner]
2020-03-29 15:17:17.251 [http-nio-8004-exec-1] WARN  o.s.w.s.m.m.a.ExceptionHandlerExceptionResolver - Resolved [org.apache.ibatis.binding.BindingException: Invalid bound statement (not found): com.online.edu.cms.service.CmsBannerService.getIndexBanner]
2020-03-29 15:17:18.355 [http-nio-8004-exec-2] WARN  o.s.w.s.m.m.a.ExceptionHandlerExceptionResolver - Resolved [org.apache.ibatis.binding.BindingException: Invalid bound statement (not found): com.online.edu.cms.service.CmsBannerService.getIndexBanner]
2020-03-29 15:20:29.512 [http-nio-8004-exec-2] WARN  o.s.w.s.m.m.a.ExceptionHandlerExceptionResolver - Resolved [org.apache.ibatis.binding.BindingException: Invalid bound statement (not found): com.online.edu.cms.service.IndexBannerService.getIndexBanner]
2020-03-29 15:20:30.477 [http-nio-8004-exec-3] WARN  o.s.w.s.m.m.a.ExceptionHandlerExceptionResolver - Resolved [org.apache.ibatis.binding.BindingException: Invalid bound statement (not found): com.online.edu.cms.service.IndexBannerService.getIndexBanner]
2020-03-29 15:28:53.911 [restartedMain] WARN  org.mybatis.spring.mapper.ClassPathMapperScanner - No MyBatis mapper was found in '[com.online.edu.crm]' package. Please check your configuration.
2020-03-29 15:28:55.162 [restartedMain] WARN  o.s.b.w.s.c.AnnotationConfigServletWebServerApplicationContext - Exception encountered during context initialization - cancelling refresh attempt: org.springframework.beans.factory.UnsatisfiedDependencyException: Error creating bean with name 'bannerApiController': Unsatisfied dependency expressed through field 'crmBannerService'; nested exception is org.springframework.beans.factory.UnsatisfiedDependencyException: Error creating bean with name 'bannerServiceImpl': Unsatisfied dependency expressed through field 'baseMapper'; nested exception is org.springframework.beans.factory.NoSuchBeanDefinitionException: No qualifying bean of type 'com.online.edu.crm.mapper.BannerMapper' available: expected at least 1 bean which qualifies as autowire candidate. Dependency annotations: {@org.springframework.beans.factory.annotation.Autowired(required=true)}
2020-03-29 15:30:30.559 [restartedMain] WARN  org.mybatis.spring.mapper.ClassPathMapperScanner - No MyBatis mapper was found in '[com.online.edu.crm]' package. Please check your configuration.
2020-03-29 15:30:31.675 [restartedMain] WARN  o.s.b.w.s.c.AnnotationConfigServletWebServerApplicationContext - Exception encountered during context initialization - cancelling refresh attempt: org.springframework.beans.factory.UnsatisfiedDependencyException: Error creating bean with name 'bannerApiController': Unsatisfied dependency expressed through field 'crmBannerService'; nested exception is org.springframework.beans.factory.UnsatisfiedDependencyException: Error creating bean with name 'bannerServiceImpl': Unsatisfied dependency expressed through field 'baseMapper'; nested exception is org.springframework.beans.factory.NoSuchBeanDefinitionException: No qualifying bean of type 'com.online.edu.crm.mapper.BannerMapper' available: expected at least 1 bean which qualifies as autowire candidate. Dependency annotations: {@org.springframework.beans.factory.annotation.Autowired(required=true)}
2020-03-29 15:31:03.200 [restartedMain] WARN  org.mybatis.spring.mapper.ClassPathMapperScanner - No MyBatis mapper was found in '[com.online.edu.crm]' package. Please check your configuration.
2020-03-29 15:31:04.373 [restartedMain] WARN  o.s.b.w.s.c.AnnotationConfigServletWebServerApplicationContext - Exception encountered during context initialization - cancelling refresh attempt: org.springframework.beans.factory.UnsatisfiedDependencyException: Error creating bean with name 'bannerApiController': Unsatisfied dependency expressed through field 'crmBannerService'; nested exception is org.springframework.beans.factory.UnsatisfiedDependencyException: Error creating bean with name 'bannerServiceImpl': Unsatisfied dependency expressed through field 'baseMapper'; nested exception is org.springframework.beans.factory.NoSuchBeanDefinitionException: No qualifying bean of type 'com.online.edu.crm.mapper.BannerMapper' available: expected at least 1 bean which qualifies as autowire candidate. Dependency annotations: {@org.springframework.beans.factory.annotation.Autowired(required=true)}
2020-03-29 15:32:16.388 [restartedMain] WARN  org.mybatis.spring.mapper.ClassPathMapperScanner - No MyBatis mapper was found in '[com.online.edu.cms]' package. Please check your configuration.
2020-03-29 15:32:16.598 [restartedMain] WARN  org.mybatis.spring.mapper.ClassPathMapperScanner - No MyBatis mapper was found in '[com.online.edu.crm]' package. Please check your configuration.
2020-03-29 15:32:17.750 [restartedMain] WARN  o.s.b.w.s.c.AnnotationConfigServletWebServerApplicationContext - Exception encountered during context initialization - cancelling refresh attempt: org.springframework.beans.factory.UnsatisfiedDependencyException: Error creating bean with name 'bannerApiController': Unsatisfied dependency expressed through field 'crmBannerService'; nested exception is org.springframework.beans.factory.UnsatisfiedDependencyException: Error creating bean with name 'bannerServiceImpl': Unsatisfied dependency expressed through field 'baseMapper'; nested exception is org.springframework.beans.factory.NoSuchBeanDefinitionException: No qualifying bean of type 'com.online.edu.crm.mapper.BannerMapper' available: expected at least 1 bean which qualifies as autowire candidate. Dependency annotations: {@org.springframework.beans.factory.annotation.Autowired(required=true)}
2020-03-29 15:33:31.858 [restartedMain] WARN  org.mybatis.spring.mapper.ClassPathMapperScanner - No MyBatis mapper was found in '[com.online.edu.cms]' package. Please check your configuration.
2020-03-29 15:33:32.108 [restartedMain] WARN  org.mybatis.spring.mapper.ClassPathMapperScanner - No MyBatis mapper was found in '[com.online.edu.crm]' package. Please check your configuration.
2020-03-29 15:34:57.432 [restartedMain] WARN  org.mybatis.spring.mapper.ClassPathMapperScanner - No MyBatis mapper was found in '[com.online.edu.cms]' package. Please check your configuration.
2020-03-29 15:34:57.621 [restartedMain] WARN  org.mybatis.spring.mapper.ClassPathMapperScanner - No MyBatis mapper was found in '[com.online.edu.crm]' package. Please check your configuration.
2020-03-29 15:34:58.719 [restartedMain] WARN  o.s.b.w.s.c.AnnotationConfigServletWebServerApplicationContext - Exception encountered during context initialization - cancelling refresh attempt: org.springframework.beans.factory.UnsatisfiedDependencyException: Error creating bean with name 'bannerApiController': Unsatisfied dependency expressed through field 'crmBannerService'; nested exception is org.springframework.beans.factory.UnsatisfiedDependencyException: Error creating bean with name 'bannerServiceImpl': Unsatisfied dependency expressed through field 'baseMapper'; nested exception is org.springframework.beans.factory.NoSuchBeanDefinitionException: No qualifying bean of type 'com.online.edu.crm.mapper.BannerMapper' available: expected at least 1 bean which qualifies as autowire candidate. Dependency annotations: {@org.springframework.beans.factory.annotation.Autowired(required=true)}
2020-03-29 15:35:42.867 [restartedMain] WARN  o.s.b.w.s.c.AnnotationConfigServletWebServerApplicationContext - Exception encountered during context initialization - cancelling refresh attempt: org.springframework.beans.factory.UnsatisfiedDependencyException: Error creating bean with name 'bannerApiController': Unsatisfied dependency expressed through field 'crmBannerService'; nested exception is org.springframework.beans.factory.NoUniqueBeanDefinitionException: No qualifying bean of type 'com.online.edu.crm.service.BannerService' available: expected single matching bean but found 2: bannerServiceImpl,bannerService
2020-03-29 15:38:09.542 [restartedMain] WARN  o.s.b.w.s.c.AnnotationConfigServletWebServerApplicationContext - Exception encountered during context initialization - cancelling refresh attempt: org.springframework.beans.factory.UnsatisfiedDependencyException: Error creating bean with name 'bannerApiController': Unsatisfied dependency expressed through field 'service'; nested exception is org.springframework.beans.factory.NoUniqueBeanDefinitionException: No qualifying bean of type 'com.online.edu.crm.service.BannerService' available: expected single matching bean but found 2: bannerServiceImpl,bannerService
2020-03-29 15:40:00.760 [restartedMain] WARN  o.s.b.w.s.c.AnnotationConfigServletWebServerApplicationContext - Exception encountered during context initialization - cancelling refresh attempt: org.springframework.beans.factory.UnsatisfiedDependencyException: Error creating bean with name 'bannerApiController': Unsatisfied dependency expressed through field 'service'; nested exception is org.springframework.beans.factory.NoUniqueBeanDefinitionException: No qualifying bean of type 'com.online.edu.crm.service.BannerService' available: expected single matching bean but found 2: bannerServiceImpl,bannerService
2020-03-29 15:40:43.099 [restartedMain] WARN  o.s.b.w.s.c.AnnotationConfigServletWebServerApplicationContext - Exception encountered during context initialization - cancelling refresh attempt: org.springframework.beans.factory.UnsatisfiedDependencyException: Error creating bean with name 'bannerApiController': Unsatisfied dependency expressed through field 'service'; nested exception is org.springframework.beans.factory.NoUniqueBeanDefinitionException: No qualifying bean of type 'com.online.edu.crm.service.BannerService' available: expected single matching bean but found 2: bannerServiceImpl,bannerService
2020-03-29 15:42:42.689 [http-nio-8004-exec-1] WARN  o.s.w.s.m.m.a.ExceptionHandlerExceptionResolver - Resolved [org.apache.ibatis.binding.BindingException: Invalid bound statement (not found): com.online.edu.crm.service.BannerService.selectIndex]
2020-03-29 15:42:43.670 [http-nio-8004-exec-2] WARN  o.s.w.s.m.m.a.ExceptionHandlerExceptionResolver - Resolved [org.apache.ibatis.binding.BindingException: Invalid bound statement (not found): com.online.edu.crm.service.BannerService.selectIndex]
2020-03-29 15:44:14.234 [http-nio-8004-exec-1] WARN  o.s.w.s.m.m.a.ExceptionHandlerExceptionResolver - Resolved [org.apache.ibatis.binding.BindingException: Invalid bound statement (not found): com.online.edu.crm.service.BannerService.selectIndex]
2020-03-29 15:44:15.354 [http-nio-8004-exec-2] WARN  o.s.w.s.m.m.a.ExceptionHandlerExceptionResolver - Resolved [org.apache.ibatis.binding.BindingException: Invalid bound statement (not found): com.online.edu.crm.service.BannerService.selectIndex]
2020-03-29 15:50:29.532 [http-nio-8004-exec-1] WARN  o.s.w.s.m.m.a.ExceptionHandlerExceptionResolver - Resolved [org.springframework.jdbc.BadSqlGrammarException: 
### Error querying database.  Cause: java.sql.SQLSyntaxErrorException: Unknown column 'deleted' in 'field list'
### The error may exist in com/online/edu/crm/mapper/BannerMapper.java (best guess)
### The error may involve defaultParameterMap
### The error occurred while setting parameters
### SQL: SELECT  id,title,image_url,link_url,sort,deleted,gmt_create,gmt_modified  FROM crm_banner  WHERE  deleted=0     ORDER BY sort DESC
### Cause: java.sql.SQLSyntaxErrorException: Unknown column 'deleted' in 'field list'
; bad SQL grammar []; nested exception is java.sql.SQLSyntaxErrorException: Unknown column 'deleted' in 'field list']
2020-03-29 15:50:30.274 [http-nio-8004-exec-2] WARN  o.s.w.s.m.m.a.ExceptionHandlerExceptionResolver - Resolved [org.springframework.jdbc.BadSqlGrammarException: 
### Error querying database.  Cause: java.sql.SQLSyntaxErrorException: Unknown column 'deleted' in 'field list'
### The error may exist in com/online/edu/crm/mapper/BannerMapper.java (best guess)
### The error may involve defaultParameterMap
### The error occurred while setting parameters
### SQL: SELECT  id,title,image_url,link_url,sort,deleted,gmt_create,gmt_modified  FROM crm_banner  WHERE  deleted=0     ORDER BY sort DESC
### Cause: java.sql.SQLSyntaxErrorException: Unknown column 'deleted' in 'field list'
; bad SQL grammar []; nested exception is java.sql.SQLSyntaxErrorException: Unknown column 'deleted' in 'field list']
2020-03-29 16:15:22.538 [restartedMain] WARN  o.s.b.d.autoconfigure.OptionalLiveReloadServer - Unable to start LiveReload server
2020-03-29 16:41:22.672 [restartedMain] WARN  o.s.b.d.autoconfigure.OptionalLiveReloadServer - Unable to start LiveReload server
